Performing C SOURCE FILE Test CMAKE_HAVE_LIBC_PTHREAD failed with the following output:
Change Dir: /home/tudor/projects/goo2d/cmake-build-debug/CMakeFiles/CMakeTmp

Run Build Command(s):/usr/bin/make cmTC_9e431/fast && make[1]: Entering directory '/home/tudor/projects/goo2d/cmake-build-debug/CMakeFiles/CMakeTmp'
/usr/bin/make -f CMakeFiles/cmTC_9e431.dir/build.make CMakeFiles/cmTC_9e431.dir/build
make[2]: Entering directory '/home/tudor/projects/goo2d/cmake-build-debug/CMakeFiles/CMakeTmp'
Building C object CMakeFiles/cmTC_9e431.dir/src.c.o
/usr/bin/cc   -DCMAKE_HAVE_LIBC_PTHREAD   -o CMakeFiles/cmTC_9e431.dir/src.c.o   -c /home/tudor/projects/goo2d/cmake-build-debug/CMakeFiles/CMakeTmp/src.c
Linking C executable cmTC_9e431
/home/tudor/.local/share/JetBrains/Toolbox/apps/CLion/ch-0/193.5662.56/bin/cmake/linux/bin/cmake -E cmake_link_script CMakeFiles/cmTC_9e431.dir/link.txt --verbose=1
/usr/bin/cc  -DCMAKE_HAVE_LIBC_PTHREAD    CMakeFiles/cmTC_9e431.dir/src.c.o  -o cmTC_9e431 
/usr/bin/ld: CMakeFiles/cmTC_9e431.dir/src.c.o: in function `main':
src.c:(.text+0x3e): undefined reference to `pthread_create'
/usr/bin/ld: src.c:(.text+0x4a): undefined reference to `pthread_detach'
/usr/bin/ld: src.c:(.text+0x5b): undefined reference to `pthread_join'
collect2: error: ld returned 1 exit status
make[2]: *** [CMakeFiles/cmTC_9e431.dir/build.make:87: cmTC_9e431] Error 1
make[2]: Leaving directory '/home/tudor/projects/goo2d/cmake-build-debug/CMakeFiles/CMakeTmp'
make[1]: *** [Makefile:121: cmTC_9e431/fast] Error 2
make[1]: Leaving directory '/home/tudor/projects/goo2d/cmake-build-debug/CMakeFiles/CMakeTmp'


Source file was:
#include <pthread.h>

void* test_func(void* data)
{
  return data;
}

int main(void)
{
  pthread_t thread;
  pthread_create(&thread, NULL, test_func, NULL);
  pthread_detach(thread);
  pthread_join(thread, NULL);
  pthread_atfork(NULL, NULL, NULL);
  pthread_exit(NULL);

  return 0;
}

Determining if the function pthread_create exists in the pthreads failed with the following output:
Change Dir: /home/tudor/projects/goo2d/cmake-build-debug/CMakeFiles/CMakeTmp

Run Build Command(s):/usr/bin/make cmTC_c3e1f/fast && make[1]: Entering directory '/home/tudor/projects/goo2d/cmake-build-debug/CMakeFiles/CMakeTmp'
/usr/bin/make -f CMakeFiles/cmTC_c3e1f.dir/build.make CMakeFiles/cmTC_c3e1f.dir/build
make[2]: Entering directory '/home/tudor/projects/goo2d/cmake-build-debug/CMakeFiles/CMakeTmp'
Building C object CMakeFiles/cmTC_c3e1f.dir/CheckFunctionExists.c.o
/usr/bin/cc   -DCHECK_FUNCTION_EXISTS=pthread_create   -o CMakeFiles/cmTC_c3e1f.dir/CheckFunctionExists.c.o   -c /home/tudor/.local/share/JetBrains/Toolbox/apps/CLion/ch-0/193.5662.56/bin/cmake/linux/share/cmake-3.15/Modules/CheckFunctionExists.c
Linking C executable cmTC_c3e1f
/home/tudor/.local/share/JetBrains/Toolbox/apps/CLion/ch-0/193.5662.56/bin/cmake/linux/bin/cmake -E cmake_link_script CMakeFiles/cmTC_c3e1f.dir/link.txt --verbose=1
/usr/bin/cc  -DCHECK_FUNCTION_EXISTS=pthread_create    CMakeFiles/cmTC_c3e1f.dir/CheckFunctionExists.c.o  -o cmTC_c3e1f -lpthreads 
/usr/bin/ld: cannot find -lpthreads
collect2: error: ld returned 1 exit status
make[2]: *** [CMakeFiles/cmTC_c3e1f.dir/build.make:87: cmTC_c3e1f] Error 1
make[2]: Leaving directory '/home/tudor/projects/goo2d/cmake-build-debug/CMakeFiles/CMakeTmp'
make[1]: *** [Makefile:121: cmTC_c3e1f/fast] Error 2
make[1]: Leaving directory '/home/tudor/projects/goo2d/cmake-build-debug/CMakeFiles/CMakeTmp'



